22:33:05.763 [main] INFO  io.gatling.compiler.ZincCompiler$ - compiling 5 Scala sources and 4 Java sources to /Users/tugbayalcin/Desktop/karate_demo/target/test-classes ...
22:33:11.243 [main] INFO  io.gatling.compiler.ZincCompiler$ - done compiling
22:33:12.515 [main] INFO  i.g.c.config.GatlingConfiguration$ - Gatling will try to load 'gatling.conf' config file as ClassLoader resource.
22:33:13.250 [GatlingSystem-akka.actor.default-dispatcher-5] INFO  akka.event.slf4j.Slf4jLogger - Slf4jLogger started
22:33:15.919 [main] INFO  com.intuit.karate - karate.env system property was: null 
22:33:16.622 [main] INFO  com.intuit.karate - [print] TOKEN:  eyJhbGciOiJIUzI1NiIsInR5cCI6IkpXVCJ9.eyJlbWFpbCI6ImthcmRlbW8xQHRlc3QuY29tIiwidXNlcm5hbWUiOiJrYXJkZW1vMUB0ZXN0LmNvbSIsImlhdCI6MTY4MzQ4Nzk5NiwiZXhwIjoxNjg4NjcxOTk2fQ.RScn5zDC2f_9t427KJ8JntbuNGj1F7rKjOLwl13z9FY 
22:33:16.647 [main] INFO  com.intuit.karate - karate.env system property was: null 
22:33:17.057 [main] INFO  com.intuit.karate - [print] TOKEN:  eyJhbGciOiJIUzI1NiIsInR5cCI6IkpXVCJ9.eyJlbWFpbCI6ImthcmRlbW8yQHRlc3QuY29tIiwidXNlcm5hbWUiOiJrYXJkZW1vMkB0ZXN0LmNvbSIsImlhdCI6MTY4MzQ4Nzk5NywiZXhwIjoxNjg4NjcxOTk3fQ.H7IKs_d3xAcd-s8lC8J0HKm4nJvd_Mhf6UB6Ozq_2dI 
22:33:17.078 [main] INFO  com.intuit.karate - karate.env system property was: null 
22:33:17.671 [main] INFO  com.intuit.karate - [print] TOKEN:  eyJhbGciOiJIUzI1NiIsInR5cCI6IkpXVCJ9.eyJlbWFpbCI6ImthcmRlbW8zQHRlc3QuY29tIiwidXNlcm5hbWUiOiJrYXJkZW1vM0B0ZXN0LmNvbSIsImlhdCI6MTY4MzQ4Nzk5NywiZXhwIjoxNjg4NjcxOTk3fQ.yGzCyrtfiRgbhjnpW_m7tVRyMasZAMRfSPLZDPa2qnE 
22:33:17.819 [GatlingSystem-akka.actor.default-dispatcher-14] INFO  i.g.c.stats.writer.ConsoleDataWriter - Initializing
22:33:17.819 [GatlingSystem-akka.actor.default-dispatcher-15] INFO  i.g.c.stats.writer.LogFileDataWriter - Initializing
22:33:17.840 [GatlingSystem-akka.actor.default-dispatcher-15] INFO  i.g.c.stats.writer.LogFileDataWriter - Initialized
22:33:17.843 [GatlingSystem-akka.actor.default-dispatcher-14] INFO  i.g.c.stats.writer.ConsoleDataWriter - Initialized
22:33:17.933 [GatlingSystem-akka.actor.default-dispatcher-23] INFO  c.intuit.karate.core.FeatureRuntime - classpath:features/performanceFeatures/createArticle.feature - call by tag at line 16: @load
22:33:17.966 [GatlingSystem-akka.actor.default-dispatcher-23] INFO  com.intuit.karate - karate.env system property was: null 
22:33:18.694 [GatlingSystem-akka.actor.default-dispatcher-23] INFO  com.intuit.karate - [print] {
  "headers": {
    "Authorization": [
      "Token eyJhbGciOiJIUzI1NiIsInR5cCI6IkpXVCJ9.eyJlbWFpbCI6ImthcmRlbW8xQHRlc3QuY29tIiwidXNlcm5hbWUiOiJrYXJkZW1vMUB0ZXN0LmNvbSIsImlhdCI6MTY4MzQ4Nzk5NiwiZXhwIjoxNjg4NjcxOTk2fQ.RScn5zDC2f_9t427KJ8JntbuNGj1F7rKjOLwl13z9FY"
    ],
    "karate-name": [
      "Create And Delete Article"
    ],
    "Content-Type": [
      "application/json; charset=UTF-8"
    ],
    "Content-Length": [
      "138"
    ],
    "Host": [
      "api.realworld.io"
    ],
    "Connection": [
      "Keep-Alive"
    ],
    "User-Agent": [
      "Apache-HttpClient/4.5.13 (Java/11.0.12)"
    ],
    "Accept-Encoding": [
      "gzip,deflate"
    ]
  },
  "method": "POST",
  "body": "[B@4951bd92",
  "url": "https://api.realworld.io/api/articles"
}
 
22:33:18.696 [GatlingSystem-akka.actor.default-dispatcher-23] INFO  com.intuit.karate - [print] ***************** 
22:33:18.697 [GatlingSystem-akka.actor.default-dispatcher-23] INFO  com.intuit.karate - [print] {
  "article": {
    "slug": "Customer-Security-ProducerSun-May-07-22:33:18-EET-2023-5966",
    "title": "Customer Security ProducerSun May 07 22:33:18 EET 2023",
    "description": "TestDesc1",
    "body": "TestBody1",
    "tagList": [
    ],
    "createdAt": "2023-05-07T19:33:18.684Z",
    "updatedAt": "2023-05-07T19:33:18.684Z",
    "favorited": false,
    "favoritesCount": 0,
    "author": {
      "username": "kardemo1@test.com",
      "bio": null,
      "image": "https://api.realworld.io/images/smiley-cyrus.jpeg",
      "following": false
    }
  }
}
 
22:33:18.869 [GatlingSystem-akka.actor.default-dispatcher-30] INFO  c.intuit.karate.core.FeatureRuntime - classpath:features/performanceFeatures/createArticle.feature - call by tag at line 16: @load
22:33:18.892 [GatlingSystem-akka.actor.default-dispatcher-30] INFO  com.intuit.karate - karate.env system property was: null 
22:33:19.308 [GatlingSystem-akka.actor.default-dispatcher-30] INFO  com.intuit.karate - [print] {
  "headers": {
    "Authorization": [
      "Token eyJhbGciOiJIUzI1NiIsInR5cCI6IkpXVCJ9.eyJlbWFpbCI6ImthcmRlbW8yQHRlc3QuY29tIiwidXNlcm5hbWUiOiJrYXJkZW1vMkB0ZXN0LmNvbSIsImlhdCI6MTY4MzQ4Nzk5NywiZXhwIjoxNjg4NjcxOTk3fQ.H7IKs_d3xAcd-s8lC8J0HKm4nJvd_Mhf6UB6Ozq_2dI"
    ],
    "karate-name": [
      "Create And Delete Article"
    ],
    "Content-Type": [
      "application/json; charset=UTF-8"
    ],
    "Content-Length": [
      "131"
    ],
    "Host": [
      "api.realworld.io"
    ],
    "Connection": [
      "Keep-Alive"
    ],
    "User-Agent": [
      "Apache-HttpClient/4.5.13 (Java/11.0.12)"
    ],
    "Accept-Encoding": [
      "gzip,deflate"
    ]
  },
  "method": "POST",
  "body": "[B@1fbd2359",
  "url": "https://api.realworld.io/api/articles"
}
 
22:33:19.310 [GatlingSystem-akka.actor.default-dispatcher-30] INFO  com.intuit.karate - [print] ***************** 
22:33:19.312 [GatlingSystem-akka.actor.default-dispatcher-30] INFO  com.intuit.karate - [print] {
  "article": {
    "slug": "National-Data-AgentSun-May-07-22:33:18-EET-2023-5967",
    "title": "National Data AgentSun May 07 22:33:18 EET 2023",
    "description": "TestDesc2",
    "body": "TestBody2",
    "tagList": [
    ],
    "createdAt": "2023-05-07T19:33:19.392Z",
    "updatedAt": "2023-05-07T19:33:19.392Z",
    "favorited": false,
    "favoritesCount": 0,
    "author": {
      "username": "kardemo2@test.com",
      "bio": null,
      "image": "https://api.realworld.io/images/smiley-cyrus.jpeg",
      "following": false
    }
  }
}
 
22:33:19.868 [GatlingSystem-akka.actor.default-dispatcher-37] INFO  c.intuit.karate.core.FeatureRuntime - classpath:features/performanceFeatures/createArticle.feature - call by tag at line 16: @load
22:33:19.901 [GatlingSystem-akka.actor.default-dispatcher-37] INFO  com.intuit.karate - karate.env system property was: null 
22:33:20.332 [GatlingSystem-akka.actor.default-dispatcher-37] INFO  com.intuit.karate - [print] {
  "headers": {
    "Authorization": [
      "Token eyJhbGciOiJIUzI1NiIsInR5cCI6IkpXVCJ9.eyJlbWFpbCI6ImthcmRlbW8zQHRlc3QuY29tIiwidXNlcm5hbWUiOiJrYXJkZW1vM0B0ZXN0LmNvbSIsImlhdCI6MTY4MzQ4Nzk5NywiZXhwIjoxNjg4NjcxOTk3fQ.yGzCyrtfiRgbhjnpW_m7tVRyMasZAMRfSPLZDPa2qnE"
    ],
    "karate-name": [
      "Create And Delete Article"
    ],
    "Content-Type": [
      "application/json; charset=UTF-8"
    ],
    "Content-Length": [
      "137"
    ],
    "Host": [
      "api.realworld.io"
    ],
    "Connection": [
      "Keep-Alive"
    ],
    "User-Agent": [
      "Apache-HttpClient/4.5.13 (Java/11.0.12)"
    ],
    "Accept-Encoding": [
      "gzip,deflate"
    ]
  },
  "method": "POST",
  "body": "[B@2250474a",
  "url": "https://api.realworld.io/api/articles"
}
 
22:33:20.334 [GatlingSystem-akka.actor.default-dispatcher-37] INFO  com.intuit.karate - [print] ***************** 
22:33:20.335 [GatlingSystem-akka.actor.default-dispatcher-37] INFO  com.intuit.karate - [print] {
  "article": {
    "slug": "Dynamic-Intranet-DirectorSun-May-07-22:33:19-EET-2023-5968",
    "title": "Dynamic Intranet DirectorSun May 07 22:33:19 EET 2023",
    "description": "TestDesc3",
    "body": "TestBody3",
    "tagList": [
    ],
    "createdAt": "2023-05-07T19:33:20.394Z",
    "updatedAt": "2023-05-07T19:33:20.394Z",
    "favorited": false,
    "favoritesCount": 0,
    "author": {
      "username": "kardemo3@test.com",
      "bio": null,
      "image": "https://api.realworld.io/images/smiley-cyrus.jpeg",
      "following": false
    }
  }
}
 
22:33:20.857 [GatlingSystem-akka.actor.default-dispatcher-42] INFO  c.intuit.karate.core.FeatureRuntime - classpath:features/performanceFeatures/createArticle.feature - call by tag at line 16: @load
22:33:20.881 [GatlingSystem-akka.actor.default-dispatcher-42] INFO  com.intuit.karate - karate.env system property was: null 
22:33:21.355 [GatlingSystem-akka.actor.default-dispatcher-42] INFO  com.intuit.karate - [print] {
  "headers": {
    "Authorization": [
      "Token eyJhbGciOiJIUzI1NiIsInR5cCI6IkpXVCJ9.eyJlbWFpbCI6ImthcmRlbW8xQHRlc3QuY29tIiwidXNlcm5hbWUiOiJrYXJkZW1vMUB0ZXN0LmNvbSIsImlhdCI6MTY4MzQ4Nzk5NiwiZXhwIjoxNjg4NjcxOTk2fQ.RScn5zDC2f_9t427KJ8JntbuNGj1F7rKjOLwl13z9FY"
    ],
    "karate-name": [
      "Create And Delete Article"
    ],
    "Content-Type": [
      "application/json; charset=UTF-8"
    ],
    "Content-Length": [
      "132"
    ],
    "Host": [
      "api.realworld.io"
    ],
    "Connection": [
      "Keep-Alive"
    ],
    "User-Agent": [
      "Apache-HttpClient/4.5.13 (Java/11.0.12)"
    ],
    "Accept-Encoding": [
      "gzip,deflate"
    ]
  },
  "method": "POST",
  "body": "[B@2683b419",
  "url": "https://api.realworld.io/api/articles"
}
 
22:33:21.357 [GatlingSystem-akka.actor.default-dispatcher-42] INFO  com.intuit.karate - [print] ***************** 
22:33:21.358 [GatlingSystem-akka.actor.default-dispatcher-42] INFO  com.intuit.karate - [print] {
  "article": {
    "slug": "Global-Tactics-AgentSun-May-07-22:33:20-EET-2023-5966",
    "title": "Global Tactics AgentSun May 07 22:33:20 EET 2023",
    "description": "TestDesc1",
    "body": "TestBody1",
    "tagList": [
    ],
    "createdAt": "2023-05-07T19:33:21.330Z",
    "updatedAt": "2023-05-07T19:33:21.330Z",
    "favorited": false,
    "favoritesCount": 0,
    "author": {
      "username": "kardemo1@test.com",
      "bio": null,
      "image": "https://api.realworld.io/images/smiley-cyrus.jpeg",
      "following": false
    }
  }
}
 
22:33:21.855 [GatlingSystem-akka.actor.default-dispatcher-49] INFO  c.intuit.karate.core.FeatureRuntime - classpath:features/performanceFeatures/createArticle.feature - call by tag at line 16: @load
22:33:21.875 [GatlingSystem-akka.actor.default-dispatcher-49] INFO  com.intuit.karate - karate.env system property was: null 
22:33:22.284 [GatlingSystem-akka.actor.default-dispatcher-49] INFO  com.intuit.karate - [print] {
  "headers": {
    "Authorization": [
      "Token eyJhbGciOiJIUzI1NiIsInR5cCI6IkpXVCJ9.eyJlbWFpbCI6ImthcmRlbW8yQHRlc3QuY29tIiwidXNlcm5hbWUiOiJrYXJkZW1vMkB0ZXN0LmNvbSIsImlhdCI6MTY4MzQ4Nzk5NywiZXhwIjoxNjg4NjcxOTk3fQ.H7IKs_d3xAcd-s8lC8J0HKm4nJvd_Mhf6UB6Ozq_2dI"
    ],
    "karate-name": [
      "Create And Delete Article"
    ],
    "Content-Type": [
      "application/json; charset=UTF-8"
    ],
    "Content-Length": [
      "138"
    ],
    "Host": [
      "api.realworld.io"
    ],
    "Connection": [
      "Keep-Alive"
    ],
    "User-Agent": [
      "Apache-HttpClient/4.5.13 (Java/11.0.12)"
    ],
    "Accept-Encoding": [
      "gzip,deflate"
    ]
  },
  "method": "POST",
  "body": "[B@19cbb2ff",
  "url": "https://api.realworld.io/api/articles"
}
 
22:33:22.286 [GatlingSystem-akka.actor.default-dispatcher-49] INFO  com.intuit.karate - [print] ***************** 
22:33:22.287 [GatlingSystem-akka.actor.default-dispatcher-49] INFO  com.intuit.karate - [print] {
  "article": {
    "slug": "Product-Mobility-DeveloperSun-May-07-22:33:21-EET-2023-5967",
    "title": "Product Mobility DeveloperSun May 07 22:33:21 EET 2023",
    "description": "TestDesc2",
    "body": "TestBody2",
    "tagList": [
    ],
    "createdAt": "2023-05-07T19:33:22.376Z",
    "updatedAt": "2023-05-07T19:33:22.376Z",
    "favorited": false,
    "favoritesCount": 0,
    "author": {
      "username": "kardemo2@test.com",
      "bio": null,
      "image": "https://api.realworld.io/images/smiley-cyrus.jpeg",
      "following": false
    }
  }
}
 
22:33:22.856 [GatlingSystem-akka.actor.default-dispatcher-58] INFO  c.intuit.karate.core.FeatureRuntime - classpath:features/performanceFeatures/createArticle.feature - call by tag at line 16: @load
22:33:22.877 [GatlingSystem-akka.actor.default-dispatcher-58] INFO  com.intuit.karate - karate.env system property was: null 
22:33:23.403 [GatlingSystem-akka.actor.default-dispatcher-58] INFO  com.intuit.karate - [print] {
  "headers": {
    "Authorization": [
      "Token eyJhbGciOiJIUzI1NiIsInR5cCI6IkpXVCJ9.eyJlbWFpbCI6ImthcmRlbW8zQHRlc3QuY29tIiwidXNlcm5hbWUiOiJrYXJkZW1vM0B0ZXN0LmNvbSIsImlhdCI6MTY4MzQ4Nzk5NywiZXhwIjoxNjg4NjcxOTk3fQ.yGzCyrtfiRgbhjnpW_m7tVRyMasZAMRfSPLZDPa2qnE"
    ],
    "karate-name": [
      "Create And Delete Article"
    ],
    "Content-Type": [
      "application/json; charset=UTF-8"
    ],
    "Content-Length": [
      "134"
    ],
    "Host": [
      "api.realworld.io"
    ],
    "Connection": [
      "Keep-Alive"
    ],
    "User-Agent": [
      "Apache-HttpClient/4.5.13 (Java/11.0.12)"
    ],
    "Accept-Encoding": [
      "gzip,deflate"
    ]
  },
  "method": "POST",
  "body": "[B@5f1561cf",
  "url": "https://api.realworld.io/api/articles"
}
 
22:33:23.404 [GatlingSystem-akka.actor.default-dispatcher-58] INFO  com.intuit.karate - [print] ***************** 
22:33:23.406 [GatlingSystem-akka.actor.default-dispatcher-58] INFO  com.intuit.karate - [print] {
  "article": {
    "slug": "Lead-Assurance-PlannerSun-May-07-22:33:22-EET-2023-5968",
    "title": "Lead Assurance PlannerSun May 07 22:33:22 EET 2023",
    "description": "TestDesc3",
    "body": "TestBody3",
    "tagList": [
    ],
    "createdAt": "2023-05-07T19:33:23.407Z",
    "updatedAt": "2023-05-07T19:33:23.407Z",
    "favorited": false,
    "favoritesCount": 0,
    "author": {
      "username": "kardemo3@test.com",
      "bio": null,
      "image": "https://api.realworld.io/images/smiley-cyrus.jpeg",
      "following": false
    }
  }
}
 
22:33:23.853 [GatlingSystem-akka.actor.default-dispatcher-66] INFO  c.intuit.karate.core.FeatureRuntime - classpath:features/performanceFeatures/createArticle.feature - call by tag at line 16: @load
22:33:23.867 [GatlingSystem-akka.actor.default-dispatcher-66] INFO  com.intuit.karate - karate.env system property was: null 
22:33:24.323 [GatlingSystem-akka.actor.default-dispatcher-66] INFO  com.intuit.karate - [print] {
  "headers": {
    "Authorization": [
      "Token eyJhbGciOiJIUzI1NiIsInR5cCI6IkpXVCJ9.eyJlbWFpbCI6ImthcmRlbW8xQHRlc3QuY29tIiwidXNlcm5hbWUiOiJrYXJkZW1vMUB0ZXN0LmNvbSIsImlhdCI6MTY4MzQ4Nzk5NiwiZXhwIjoxNjg4NjcxOTk2fQ.RScn5zDC2f_9t427KJ8JntbuNGj1F7rKjOLwl13z9FY"
    ],
    "karate-name": [
      "Create And Delete Article"
    ],
    "Content-Type": [
      "application/json; charset=UTF-8"
    ],
    "Content-Length": [
      "137"
    ],
    "Host": [
      "api.realworld.io"
    ],
    "Connection": [
      "Keep-Alive"
    ],
    "User-Agent": [
      "Apache-HttpClient/4.5.13 (Java/11.0.12)"
    ],
    "Accept-Encoding": [
      "gzip,deflate"
    ]
  },
  "method": "POST",
  "body": "[B@7e2a17f2",
  "url": "https://api.realworld.io/api/articles"
}
 
22:33:24.326 [GatlingSystem-akka.actor.default-dispatcher-66] INFO  com.intuit.karate - [print] ***************** 
22:33:24.327 [GatlingSystem-akka.actor.default-dispatcher-66] INFO  com.intuit.karate - [print] {
  "article": {
    "slug": "Dynamic-Research-DirectorSun-May-07-22:33:23-EET-2023-5966",
    "title": "Dynamic Research DirectorSun May 07 22:33:23 EET 2023",
    "description": "TestDesc1",
    "body": "TestBody1",
    "tagList": [
    ],
    "createdAt": "2023-05-07T19:33:24.367Z",
    "updatedAt": "2023-05-07T19:33:24.367Z",
    "favorited": false,
    "favoritesCount": 0,
    "author": {
      "username": "kardemo1@test.com",
      "bio": null,
      "image": "https://api.realworld.io/images/smiley-cyrus.jpeg",
      "following": false
    }
  }
}
 
22:33:24.856 [GatlingSystem-akka.actor.default-dispatcher-86] INFO  c.intuit.karate.core.FeatureRuntime - classpath:features/performanceFeatures/createArticle.feature - call by tag at line 16: @load
22:33:24.900 [GatlingSystem-akka.actor.default-dispatcher-86] INFO  com.intuit.karate - karate.env system property was: null 
22:33:25.347 [GatlingSystem-akka.actor.default-dispatcher-86] INFO  com.intuit.karate - [print] {
  "headers": {
    "Authorization": [
      "Token eyJhbGciOiJIUzI1NiIsInR5cCI6IkpXVCJ9.eyJlbWFpbCI6ImthcmRlbW8yQHRlc3QuY29tIiwidXNlcm5hbWUiOiJrYXJkZW1vMkB0ZXN0LmNvbSIsImlhdCI6MTY4MzQ4Nzk5NywiZXhwIjoxNjg4NjcxOTk3fQ.H7IKs_d3xAcd-s8lC8J0HKm4nJvd_Mhf6UB6Ozq_2dI"
    ],
    "karate-name": [
      "Create And Delete Article"
    ],
    "Content-Type": [
      "application/json; charset=UTF-8"
    ],
    "Content-Length": [
      "143"
    ],
    "Host": [
      "api.realworld.io"
    ],
    "Connection": [
      "Keep-Alive"
    ],
    "User-Agent": [
      "Apache-HttpClient/4.5.13 (Java/11.0.12)"
    ],
    "Accept-Encoding": [
      "gzip,deflate"
    ]
  },
  "method": "POST",
  "body": "[B@280fa03e",
  "url": "https://api.realworld.io/api/articles"
}
 
22:33:25.349 [GatlingSystem-akka.actor.default-dispatcher-86] INFO  com.intuit.karate - [print] ***************** 
22:33:25.350 [GatlingSystem-akka.actor.default-dispatcher-86] INFO  com.intuit.karate - [print] {
  "article": {
    "slug": "Internal-Configuration-EngineerSun-May-07-22:33:24-EET-2023-5967",
    "title": "Internal Configuration EngineerSun May 07 22:33:24 EET 2023",
    "description": "TestDesc2",
    "body": "TestBody2",
    "tagList": [
    ],
    "createdAt": "2023-05-07T19:33:25.372Z",
    "updatedAt": "2023-05-07T19:33:25.372Z",
    "favorited": false,
    "favoritesCount": 0,
    "author": {
      "username": "kardemo2@test.com",
      "bio": null,
      "image": "https://api.realworld.io/images/smiley-cyrus.jpeg",
      "following": false
    }
  }
}
 
22:33:25.855 [GatlingSystem-akka.actor.default-dispatcher-100] INFO  c.intuit.karate.core.FeatureRuntime - classpath:features/performanceFeatures/createArticle.feature - call by tag at line 16: @load
22:33:25.872 [GatlingSystem-akka.actor.default-dispatcher-100] INFO  com.intuit.karate - karate.env system property was: null 
22:33:25.886 [GatlingSystem-akka.actor.default-dispatcher-102] INFO  i.g.core.controller.inject.Injector - Scenario Create An Article has finished injecting
22:33:25.887 [GatlingSystem-akka.actor.default-dispatcher-102] INFO  i.g.core.controller.inject.Injector - Injecting is done
22:33:26.270 [GatlingSystem-akka.actor.default-dispatcher-100] INFO  com.intuit.karate - [print] {
  "headers": {
    "Authorization": [
      "Token eyJhbGciOiJIUzI1NiIsInR5cCI6IkpXVCJ9.eyJlbWFpbCI6ImthcmRlbW8zQHRlc3QuY29tIiwidXNlcm5hbWUiOiJrYXJkZW1vM0B0ZXN0LmNvbSIsImlhdCI6MTY4MzQ4Nzk5NywiZXhwIjoxNjg4NjcxOTk3fQ.yGzCyrtfiRgbhjnpW_m7tVRyMasZAMRfSPLZDPa2qnE"
    ],
    "karate-name": [
      "Create And Delete Article"
    ],
    "Content-Type": [
      "application/json; charset=UTF-8"
    ],
    "Content-Length": [
      "138"
    ],
    "Host": [
      "api.realworld.io"
    ],
    "Connection": [
      "Keep-Alive"
    ],
    "User-Agent": [
      "Apache-HttpClient/4.5.13 (Java/11.0.12)"
    ],
    "Accept-Encoding": [
      "gzip,deflate"
    ]
  },
  "method": "POST",
  "body": "[B@608e934d",
  "url": "https://api.realworld.io/api/articles"
}
 
22:33:26.271 [GatlingSystem-akka.actor.default-dispatcher-100] INFO  com.intuit.karate - [print] ***************** 
22:33:26.272 [GatlingSystem-akka.actor.default-dispatcher-100] INFO  com.intuit.karate - [print] {
  "article": {
    "slug": "Regional-Marketing-AnalystSun-May-07-22:33:25-EET-2023-5968",
    "title": "Regional Marketing AnalystSun May 07 22:33:25 EET 2023",
    "description": "TestDesc3",
    "body": "TestBody3",
    "tagList": [
    ],
    "createdAt": "2023-05-07T19:33:26.336Z",
    "updatedAt": "2023-05-07T19:33:26.336Z",
    "favorited": false,
    "favoritesCount": 0,
    "author": {
      "username": "kardemo3@test.com",
      "bio": null,
      "image": "https://api.realworld.io/images/smiley-cyrus.jpeg",
      "following": false
    }
  }
}
 
22:33:26.853 [GatlingSystem-akka.actor.default-dispatcher-14] INFO  c.intuit.karate.core.FeatureRuntime - classpath:features/performanceFeatures/createArticle.feature - call by tag at line 16: @load
22:33:26.870 [GatlingSystem-akka.actor.default-dispatcher-14] INFO  com.intuit.karate - karate.env system property was: null 
22:33:27.294 [GatlingSystem-akka.actor.default-dispatcher-14] INFO  com.intuit.karate - [print] {
  "headers": {
    "Authorization": [
      "Token eyJhbGciOiJIUzI1NiIsInR5cCI6IkpXVCJ9.eyJlbWFpbCI6ImthcmRlbW8xQHRlc3QuY29tIiwidXNlcm5hbWUiOiJrYXJkZW1vMUB0ZXN0LmNvbSIsImlhdCI6MTY4MzQ4Nzk5NiwiZXhwIjoxNjg4NjcxOTk2fQ.RScn5zDC2f_9t427KJ8JntbuNGj1F7rKjOLwl13z9FY"
    ],
    "karate-name": [
      "Create And Delete Article"
    ],
    "Content-Type": [
      "application/json; charset=UTF-8"
    ],
    "Content-Length": [
      "142"
    ],
    "Host": [
      "api.realworld.io"
    ],
    "Connection": [
      "Keep-Alive"
    ],
    "User-Agent": [
      "Apache-HttpClient/4.5.13 (Java/11.0.12)"
    ],
    "Accept-Encoding": [
      "gzip,deflate"
    ]
  },
  "method": "POST",
  "body": "[B@1f5fc6aa",
  "url": "https://api.realworld.io/api/articles"
}
 
22:33:27.295 [GatlingSystem-akka.actor.default-dispatcher-14] INFO  com.intuit.karate - [print] ***************** 
22:33:27.298 [GatlingSystem-akka.actor.default-dispatcher-14] INFO  com.intuit.karate - [print] {
  "article": {
    "slug": "Principal-Applications-ManagerSun-May-07-22:33:26-EET-2023-5966",
    "title": "Principal Applications ManagerSun May 07 22:33:26 EET 2023",
    "description": "TestDesc1",
    "body": "TestBody1",
    "tagList": [
    ],
    "createdAt": "2023-05-07T19:33:27.344Z",
    "updatedAt": "2023-05-07T19:33:27.344Z",
    "favorited": false,
    "favoritesCount": 0,
    "author": {
      "username": "kardemo1@test.com",
      "bio": null,
      "image": "https://api.realworld.io/images/smiley-cyrus.jpeg",
      "following": false
    }
  }
}
 
22:33:32.720 [GatlingSystem-akka.actor.default-dispatcher-62] INFO  i.g.core.controller.inject.Injector - All users of scenario Create An Article are stopped
22:33:32.721 [GatlingSystem-akka.actor.default-dispatcher-62] INFO  i.g.core.controller.inject.Injector - Stopping
22:33:32.722 [GatlingSystem-akka.actor.default-dispatcher-65] INFO  i.gatling.core.controller.Controller - Injector has stopped, initiating graceful stop
22:33:32.762 [GatlingSystem-akka.actor.default-dispatcher-68] INFO  akka.actor.CoordinatedShutdown - Running CoordinatedShutdown with reason [ActorSystemTerminateReason]
22:33:32.830 [main] INFO  i.gatling.charts.stats.LogFileReader - Collected List(/Users/tugbayalcin/Desktop/karate_demo/target/gatling/cdarticlesimulation-20230507193317722/simulation.log) from cdarticlesimulation-20230507193317722
22:33:32.844 [main] INFO  i.gatling.charts.stats.LogFileReader - First pass
22:33:32.853 [main] INFO  i.gatling.charts.stats.LogFileReader - First pass done: read 41 lines
22:33:32.863 [main] INFO  i.gatling.charts.stats.LogFileReader - Second pass
22:33:32.897 [main] INFO  i.gatling.charts.stats.LogFileReader - Second pass: read 41 lines
