RUN	performanceRunners.CDArticleSimulation	cdarticlesimulation	1683390046206	 	3.7.4
USER	Create An Article	START	1683390046454
USER	Create An Article	START	1683390050407
USER	Create An Article	START	1683390051406
USER	Create An Article	START	1683390052405
REQUEST		Create And Delete Article	1683390047019	1683390047411	OK	 
REQUEST		DELETE api/articles/{articleId}	1683390052447	1683390052780	OK	 
USER	Create An Article	END	1683390052789
USER	Create An Article	START	1683390053407
USER	Create An Article	START	1683390054406
USER	Create An Article	START	1683390055407
REQUEST		Create And Delete Article	1683390050478	1683390050868	OK	 
REQUEST		DELETE api/articles/{articleId}	1683390055884	1683390056230	OK	 
USER	Create An Article	END	1683390056231
USER	Create An Article	START	1683390056406
REQUEST		Create And Delete Article	1683390051493	1683390051893	OK	 
REQUEST		DELETE api/articles/{articleId}	1683390056915	1683390057261	OK	 
USER	Create An Article	END	1683390057263
USER	Create An Article	START	1683390057406
REQUEST		Create And Delete Article	1683390052452	1683390052913	OK	 
REQUEST		DELETE api/articles/{articleId}	1683390057932	1683390058287	OK	 
USER	Create An Article	END	1683390058289
USER	Create An Article	START	1683390058406
REQUEST		Create And Delete Article	1683390053490	1683390053837	OK	 
REQUEST		DELETE api/articles/{articleId}	1683390058894	1683390059372	OK	 
USER	Create An Article	END	1683390059373
USER	Create An Article	START	1683390059407
REQUEST		Create And Delete Article	1683390054460	1683390054805	OK	 
REQUEST		DELETE api/articles/{articleId}	1683390059822	1683390060172	OK	 
USER	Create An Article	END	1683390060173
USER	Create An Article	START	1683390060406
USER	Create An Article	START	1683390060906
REQUEST		Create And Delete Article	1683390055474	1683390055811	OK	 
REQUEST		DELETE api/articles/{articleId}	1683390060835	1683390061191	OK	 
USER	Create An Article	END	1683390061191
USER	Create An Article	START	1683390061407
USER	Create An Article	START	1683390061907
REQUEST		Create And Delete Article	1683390056465	1683390056822	OK	 
REQUEST		DELETE api/articles/{articleId}	1683390061849	1683390062225	OK	 
USER	Create An Article	END	1683390062225
USER	Create An Article	START	1683390062406
USER	Create An Article	START	1683390062906
REQUEST		Create And Delete Article	1683390057474	1683390057815	OK	 
REQUEST		DELETE api/articles/{articleId}	1683390062834	1683390063166	OK	 
USER	Create An Article	END	1683390063166
USER	Create An Article	START	1683390063406
USER	Create An Article	START	1683390063907
USER	Create An Article	START	1683390064406
REQUEST		Create And Delete Article	1683390058479	1683390058906	OK	 
REQUEST		DELETE api/articles/{articleId}	1683390064109	1683390064477	OK	 
USER	Create An Article	END	1683390064478
USER	Create An Article	START	1683390064911
REQUEST		Create And Delete Article	1683390059448	1683390059858	OK	 
REQUEST		DELETE api/articles/{articleId}	1683390064876	1683390065252	OK	 
USER	Create An Article	END	1683390065252
USER	Create An Article	START	1683390065406
USER	Create An Article	START	1683390065906
REQUEST		Create And Delete Article	1683390060469	1683390060805	OK	 
REQUEST		DELETE api/articles/{articleId}	1683390065816	1683390066185	OK	 
USER	Create An Article	END	1683390066185
USER	Create An Article	START	1683390066406
REQUEST		Create And Delete Article	1683390060963	1683390061325	OK	 
REQUEST		DELETE api/articles/{articleId}	1683390066341	1683390066678	OK	 
USER	Create An Article	END	1683390066678
USER	Create An Article	START	1683390066906
REQUEST		Create And Delete Article	1683390061474	1683390061916	OK	 
REQUEST		DELETE api/articles/{articleId}	1683390066928	1683390067262	OK	 
USER	Create An Article	END	1683390067263
USER	Create An Article	START	1683390067406
REQUEST		Create And Delete Article	1683390061969	1683390062388	OK	 
REQUEST		DELETE api/articles/{articleId}	1683390067406	1683390067784	OK	 
USER	Create An Article	END	1683390067784
USER	Create An Article	START	1683390067905
REQUEST		Create And Delete Article	1683390062451	1683390062801	OK	 
REQUEST		DELETE api/articles/{articleId}	1683390067816	1683390068152	OK	 
USER	Create An Article	END	1683390068152
USER	Create An Article	START	1683390068406
REQUEST		Create And Delete Article	1683390063097	1683390063476	OK	 
REQUEST		DELETE api/articles/{articleId}	1683390068493	1683390068867	OK	 
USER	Create An Article	END	1683390068867
USER	Create An Article	START	1683390068906
REQUEST		Create And Delete Article	1683390063450	1683390063933	OK	 
REQUEST		DELETE api/articles/{articleId}	1683390068949	1683390069328	OK	 
USER	Create An Article	END	1683390069329
USER	Create An Article	START	1683390069406
REQUEST		Create And Delete Article	1683390063949	1683390064295	OK	 
REQUEST		DELETE api/articles/{articleId}	1683390069310	1683390069637	OK	 
USER	Create An Article	END	1683390069637
USER	Create An Article	START	1683390069906
REQUEST		Create And Delete Article	1683390064456	1683390064818	OK	 
REQUEST		DELETE api/articles/{articleId}	1683390069835	1683390070159	OK	 
USER	Create An Article	END	1683390070159
USER	Create An Article	START	1683390070406
REQUEST		Create And Delete Article	1683390064971	1683390065344	OK	 
REQUEST		DELETE api/articles/{articleId}	1683390070356	1683390070687	OK	 
USER	Create An Article	END	1683390070687
USER	Create An Article	START	1683390070906
REQUEST		Create And Delete Article	1683390065478	1683390065825	OK	 
REQUEST		DELETE api/articles/{articleId}	1683390070840	1683390071210	OK	 
USER	Create An Article	END	1683390071209
USER	Create An Article	START	1683390071409
REQUEST		Create And Delete Article	1683390065932	1683390066278	OK	 
REQUEST		DELETE api/articles/{articleId}	1683390071290	1683390071616	OK	 
USER	Create An Article	END	1683390071616
USER	Create An Article	START	1683390071740
USER	Create An Article	START	1683390072074
REQUEST		Create And Delete Article	1683390066449	1683390066801	OK	 
REQUEST		DELETE api/articles/{articleId}	1683390071814	1683390072149	OK	 
USER	Create An Article	END	1683390072150
USER	Create An Article	START	1683390072408
REQUEST		Create And Delete Article	1683390066952	1683390067337	OK	 
REQUEST		DELETE api/articles/{articleId}	1683390072350	1683390072698	OK	 
USER	Create An Article	END	1683390072699
USER	Create An Article	START	1683390072739
USER	Create An Article	START	1683390073073
REQUEST		Create And Delete Article	1683390067480	1683390067838	OK	 
REQUEST		DELETE api/articles/{articleId}	1683390072852	1683390073188	OK	 
USER	Create An Article	END	1683390073189
USER	Create An Article	START	1683390073407
REQUEST		Create And Delete Article	1683390067948	1683390068290	OK	 
REQUEST		DELETE api/articles/{articleId}	1683390073303	1683390073641	OK	 
USER	Create An Article	END	1683390073641
USER	Create An Article	START	1683390073656
USER	Create An Article	START	1683390073906
USER	Create An Article	START	1683390074157
REQUEST		Create And Delete Article	1683390068460	1683390068829	OK	 
REQUEST		DELETE api/articles/{articleId}	1683390073844	1683390074184	OK	 
USER	Create An Article	END	1683390074184
USER	Create An Article	START	1683390074406
REQUEST		Create And Delete Article	1683390068944	1683390069289	OK	 
REQUEST		DELETE api/articles/{articleId}	1683390074301	1683390074652	OK	 
USER	Create An Article	END	1683390074652
USER	Create An Article	START	1683390074655
USER	Create An Article	START	1683390074906
REQUEST		Create And Delete Article	1683390069443	1683390069766	OK	 
REQUEST		DELETE api/articles/{articleId}	1683390074776	1683390075125	OK	 
USER	Create An Article	END	1683390075126
USER	Create An Article	START	1683390075156
USER	Create An Article	START	1683390075406
USER	Create An Article	START	1683390075606
REQUEST		Create And Delete Article	1683390069939	1683390070300	OK	 
REQUEST		DELETE api/articles/{articleId}	1683390075315	1683390075650	OK	 
USER	Create An Article	END	1683390075650
USER	Create An Article	START	1683390075806
USER	Create An Article	START	1683390076006
REQUEST		Create And Delete Article	1683390070443	1683390070799	OK	 
REQUEST		DELETE api/articles/{articleId}	1683390075811	1683390076188	OK	 
USER	Create An Article	END	1683390076188
USER	Create An Article	START	1683390076207
USER	Create An Article	START	1683390076406
USER	Create An Article	START	1683390076606
REQUEST		Create And Delete Article	1683390070937	1683390071307	OK	 
REQUEST		DELETE api/articles/{articleId}	1683390076317	1683390076662	OK	 
USER	Create An Article	END	1683390076661
USER	Create An Article	START	1683390076808
USER	Create An Article	START	1683390077006
REQUEST		Create And Delete Article	1683390071437	1683390071793	OK	 
REQUEST		DELETE api/articles/{articleId}	1683390076808	1683390077170	OK	 
USER	Create An Article	END	1683390077169
USER	Create An Article	START	1683390077207
USER	Create An Article	START	1683390077407
REQUEST		Create And Delete Article	1683390071763	1683390072094	OK	 
REQUEST		DELETE api/articles/{articleId}	1683390077108	1683390077496	OK	 
USER	Create An Article	END	1683390077495
USER	Create An Article	START	1683390077573
USER	Create An Article	START	1683390077740
REQUEST		Create And Delete Article	1683390072106	1683390072447	OK	 
REQUEST		DELETE api/articles/{articleId}	1683390077459	1683390077820	OK	 
USER	Create An Article	END	1683390077820
USER	Create An Article	START	1683390077907
USER	Create An Article	START	1683390078073
REQUEST		Create And Delete Article	1683390072438	1683390072772	OK	 
REQUEST		DELETE api/articles/{articleId}	1683390077786	1683390078129	OK	 
USER	Create An Article	END	1683390078135
USER	Create An Article	START	1683390078240
USER	Create An Article	START	1683390078408
REQUEST		Create And Delete Article	1683390072776	1683390073113	OK	 
REQUEST		DELETE api/articles/{articleId}	1683390078128	1683390078476	OK	 
USER	Create An Article	END	1683390078479
USER	Create An Article	START	1683390078573
USER	Create An Article	START	1683390078740
REQUEST		Create And Delete Article	1683390073091	1683390073433	OK	 
REQUEST		DELETE api/articles/{articleId}	1683390078442	1683390078777	OK	 
USER	Create An Article	END	1683390078776
USER	Create An Article	START	1683390078907
USER	Create An Article	START	1683390079072
REQUEST		Create And Delete Article	1683390073433	1683390073750	OK	 
REQUEST		DELETE api/articles/{articleId}	1683390078760	1683390079095	OK	 
USER	Create An Article	END	1683390079094
USER	Create An Article	START	1683390079239
REQUEST		Create And Delete Article	1683390073686	1683390074037	OK	 
REQUEST		DELETE api/articles/{articleId}	1683390079047	1683390079372	OK	 
USER	Create An Article	END	1683390079372
USER	Create An Article	START	1683390079406
USER	Create An Article	START	1683390079548
REQUEST		Create And Delete Article	1683390073937	1683390074269	OK	 
REQUEST		DELETE api/articles/{articleId}	1683390079282	1683390079615	OK	 
USER	Create An Article	END	1683390079615
USER	Create An Article	START	1683390079697
USER	Create An Article	START	1683390079834
USER	Create An Article	START	1683390079984
REQUEST		Create And Delete Article	1683390074199	1683390074527	OK	 
REQUEST		DELETE api/articles/{articleId}	1683390079547	1683390080099	OK	 
USER	Create An Article	END	1683390080098
REQUEST		Create And Delete Article	1683390074429	1683390074768	OK	 
REQUEST		DELETE api/articles/{articleId}	1683390079781	1683390080112	OK	 
USER	Create An Article	END	1683390080112
USER	Create An Article	START	1683390080121
USER	Create An Article	START	1683390080264
USER	Create An Article	START	1683390080407
REQUEST		Create And Delete Article	1683390074687	1683390075065	OK	 
REQUEST		DELETE api/articles/{articleId}	1683390080097	1683390080425	OK	 
USER	Create An Article	END	1683390080424
USER	Create An Article	START	1683390080548
REQUEST		Create And Delete Article	1683390074937	1683390075277	OK	 
REQUEST		DELETE api/articles/{articleId}	1683390080290	1683390080620	OK	 
USER	Create An Article	END	1683390080619
USER	Create An Article	START	1683390080711
USER	Create An Article	START	1683390080833
USER	Create An Article	START	1683390080978
USER	Create An Article	START	1683390081120
REQUEST		Create And Delete Article	1683390075342	1683390075759	OK	 
REQUEST		DELETE api/articles/{articleId}	1683390080787	1683390081133	OK	 
USER	Create An Article	END	1683390081132
REQUEST		Create And Delete Article	1683390075427	1683390075769	OK	 
REQUEST		DELETE api/articles/{articleId}	1683390080787	1683390081150	OK	 
USER	Create An Article	END	1683390081149
USER	Create An Article	START	1683390081264
USER	Create An Article	START	1683390081406
REQUEST		Create And Delete Article	1683390075647	1683390076173	OK	 
REQUEST		DELETE api/articles/{articleId}	1683390081183	1683390081529	OK	 
USER	Create An Article	END	1683390081528
USER	Create An Article	START	1683390081530
REQUEST		Create And Delete Article	1683390075856	1683390076225	OK	 
REQUEST		DELETE api/articles/{articleId}	1683390081235	1683390081580	OK	 
USER	Create An Article	END	1683390081580
USER	Create An Article	START	1683390081656
REQUEST		Create And Delete Article	1683390076033	1683390076393	OK	 
REQUEST		DELETE api/articles/{articleId}	1683390081405	1683390081742	OK	 
USER	Create An Article	END	1683390081742
USER	Create An Article	START	1683390081786
USER	Create An Article	START	1683390081905
REQUEST		Create And Delete Article	1683390076236	1683390076602	OK	 
REQUEST		DELETE api/articles/{articleId}	1683390081617	1683390081957	OK	 
USER	Create An Article	END	1683390081957
USER	Create An Article	START	1683390082032
USER	Create An Article	START	1683390082156
REQUEST		Create And Delete Article	1683390076459	1683390076836	OK	 
REQUEST		DELETE api/articles/{articleId}	1683390081861	1683390082208	OK	 
USER	Create An Article	END	1683390082210
USER	Create An Article	START	1683390082318
USER	Create An Article	START	1683390082406
REQUEST		Create And Delete Article	1683390076641	1683390076977	OK	 
REQUEST		DELETE api/articles/{articleId}	1683390081987	1683390082465	OK	 
USER	Create An Article	END	1683390082465
USER	Create An Article	START	1683390082531
USER	Create An Article	START	1683390082656
USER	Create An Article	START	1683390082789
REQUEST		Create And Delete Article	1683390077025	1683390077358	OK	 
REQUEST		DELETE api/articles/{articleId}	1683390082368	1683390082792	OK	 
USER	Create An Article	END	1683390082791
REQUEST		Create And Delete Article	1683390076834	1683390077213	OK	 
REQUEST		DELETE api/articles/{articleId}	1683390082324	1683390082796	OK	 
USER	Create An Article	END	1683390082796
USER	Create An Article	START	1683390082907
USER	Create An Article	START	1683390083031
REQUEST		Create And Delete Article	1683390077225	1683390077546	OK	 
REQUEST		DELETE api/articles/{articleId}	1683390082554	1683390083117	OK	 
USER	Create An Article	END	1683390083116
REQUEST		Create And Delete Article	1683390077432	1683390077769	OK	 
REQUEST		DELETE api/articles/{articleId}	1683390082793	1683390083134	OK	 
USER	Create An Article	END	1683390083134
USER	Create An Article	START	1683390083157
REQUEST		Create And Delete Article	1683390077596	1683390077929	OK	 
REQUEST		DELETE api/articles/{articleId}	1683390082939	1683390083267	OK	 
USER	Create An Article	END	1683390083268
USER	Create An Article	START	1683390083283
USER	Create An Article	START	1683390083407
USER	Create An Article	START	1683390083526
REQUEST		Create And Delete Article	1683390077772	1683390078134	OK	 
REQUEST		DELETE api/articles/{articleId}	1683390083142	1683390083545	OK	 
USER	Create An Article	END	1683390083545
REQUEST		Create And Delete Article	1683390077930	1683390078255	OK	 
REQUEST		DELETE api/articles/{articleId}	1683390083269	1683390083605	OK	 
USER	Create An Article	END	1683390083604
USER	Create An Article	START	1683390083628
USER	Create An Article	START	1683390083740
USER	Create An Article	START	1683390083887
REQUEST		Create And Delete Article	1683390078099	1683390078469	OK	 
REQUEST		DELETE api/articles/{articleId}	1683390083531	1683390083889	OK	 
USER	Create An Article	END	1683390083889
USER	Create An Article	START	1683390083962
REQUEST		Create And Delete Article	1683390078260	1683390078623	OK	 
REQUEST		DELETE api/articles/{articleId}	1683390083634	1683390083964	OK	 
USER	Create An Article	END	1683390083963
USER	Create An Article	START	1683390084073
USER	Create An Article	START	1683390084184
REQUEST		Create And Delete Article	1683390078455	1683390078784	OK	 
REQUEST		DELETE api/articles/{articleId}	1683390083793	1683390084211	OK	 
USER	Create An Article	END	1683390084210
USER	Create An Article	START	1683390084295
USER	Create An Article	START	1683390084407
REQUEST		Create And Delete Article	1683390078620	1683390078964	OK	 
REQUEST		DELETE api/articles/{articleId}	1683390083973	1683390084422	OK	 
USER	Create An Article	END	1683390084422
USER	Create An Article	START	1683390084533
REQUEST		Create And Delete Article	1683390078773	1683390079112	OK	 
REQUEST		DELETE api/articles/{articleId}	1683390084181	1683390084535	OK	 
USER	Create An Article	END	1683390084534
REQUEST		Create And Delete Article	1683390078938	1683390079290	OK	 
REQUEST		DELETE api/articles/{articleId}	1683390084299	1683390084626	OK	 
USER	Create An Article	END	1683390084626
USER	Create An Article	START	1683390084629
USER	Create An Article	START	1683390084739
USER	Create An Article	START	1683390084851
REQUEST		Create And Delete Article	1683390079097	1683390079475	OK	 
REQUEST		DELETE api/articles/{articleId}	1683390084537	1683390084868	OK	 
USER	Create An Article	END	1683390084867
USER	Create An Article	START	1683390084961
REQUEST		Create And Delete Article	1683390079258	1683390079628	OK	 
REQUEST		DELETE api/articles/{articleId}	1683390084638	1683390084981	OK	 
USER	Create An Article	END	1683390084981
USER	Create An Article	START	1683390085072
REQUEST		Create And Delete Article	1683390079430	1683390079775	OK	 
REQUEST		DELETE api/articles/{articleId}	1683390084784	1683390085136	OK	 
USER	Create An Article	END	1683390085136
USER	Create An Article	START	1683390085184
USER	Create An Article	START	1683390085295
USER	Create An Article	START	1683390085406
REQUEST		Create And Delete Article	1683390079575	1683390080100	OK	 
REQUEST		DELETE api/articles/{articleId}	1683390085112	1683390085478	OK	 
USER	Create An Article	END	1683390085477
USER	Create An Article	START	1683390085506
REQUEST		Create And Delete Article	1683390079752	1683390080096	OK	 
REQUEST		DELETE api/articles/{articleId}	1683390085122	1683390085520	OK	 
USER	Create An Article	END	1683390085519
USER	Create An Article	START	1683390085607
USER	Create An Article	START	1683390085706
REQUEST		Create And Delete Article	1683390080110	1683390080441	OK	 
REQUEST		DELETE api/articles/{articleId}	1683390085450	1683390085778	OK	 
USER	Create An Article	END	1683390085778
REQUEST		Create And Delete Article	1683390079874	1683390080444	OK	 
REQUEST		DELETE api/articles/{articleId}	1683390085454	1683390085794	OK	 
USER	Create An Article	END	1683390085793
USER	Create An Article	START	1683390085806
USER	Create An Article	START	1683390085905
USER	Create An Article	START	1683390086006
REQUEST		Create And Delete Article	1683390080295	1683390080624	OK	 
REQUEST		DELETE api/articles/{articleId}	1683390085740	1683390086091	OK	 
USER	Create An Article	END	1683390086090
REQUEST		Create And Delete Article	1683390080148	1683390080722	OK	 
REQUEST		DELETE api/articles/{articleId}	1683390085740	1683390086097	OK	 
USER	Create An Article	END	1683390086096
USER	Create An Article	START	1683390086106
REQUEST		Create And Delete Article	1683390080432	1683390080789	OK	 
REQUEST		DELETE api/articles/{articleId}	1683390085800	1683390086147	OK	 
USER	Create An Article	END	1683390086148
USER	Create An Article	START	1683390086206
USER	Create An Article	START	1683390086307
USER	Create An Article	START	1683390086411
REQUEST		Create And Delete Article	1683390080565	1683390081086	OK	 
REQUEST		DELETE api/articles/{articleId}	1683390086097	1683390086501	OK	 
USER	Create An Article	END	1683390086501
USER	Create An Article	START	1683390086505
REQUEST		Create And Delete Article	1683390080818	1683390081172	OK	 
REQUEST		DELETE api/articles/{articleId}	1683390086187	1683390086532	OK	 
USER	Create An Article	END	1683390086532
REQUEST		Create And Delete Article	1683390080849	1683390081200	OK	 
REQUEST		DELETE api/articles/{articleId}	1683390086210	1683390086553	OK	 
USER	Create An Article	END	1683390086552
USER	Create An Article	START	1683390086605
USER	Create An Article	START	1683390086706
USER	Create An Article	START	1683390086805
REQUEST		Create And Delete Article	1683390081038	1683390081395	OK	 
REQUEST		DELETE api/articles/{articleId}	1683390086492	1683390086854	OK	 
USER	Create An Article	END	1683390086854
REQUEST		Create And Delete Article	1683390081162	1683390081516	OK	 
REQUEST		DELETE api/articles/{articleId}	1683390086537	1683390086864	OK	 
USER	Create An Article	END	1683390086873
USER	Create An Article	START	1683390086906
REQUEST		Create And Delete Article	1683390081281	1683390081639	OK	 
REQUEST		DELETE api/articles/{articleId}	1683390086647	1683390086992	OK	 
USER	Create An Article	END	1683390086991
USER	Create An Article	START	1683390087006
REQUEST		Create And Delete Article	1683390081426	1683390081755	OK	 
REQUEST		DELETE api/articles/{articleId}	1683390086763	1683390087103	OK	 
USER	Create An Article	END	1683390087102
USER	Create An Article	START	1683390087107
USER	Create An Article	START	1683390087206
REQUEST		Create And Delete Article	1683390081545	1683390081933	OK	 
REQUEST		DELETE api/articles/{articleId}	1683390086943	1683390087268	OK	 
USER	Create An Article	END	1683390087268
USER	Create An Article	START	1683390087306
USER	Create An Article	START	1683390087407
USER	Create An Article	START	1683390087495
REQUEST		Create And Delete Article	1683390081807	1683390082192	OK	 
REQUEST		DELETE api/articles/{articleId}	1683390087205	1683390087538	OK	 
USER	Create An Article	END	1683390087537
REQUEST		Create And Delete Article	1683390081706	1683390082083	OK	 
REQUEST		DELETE api/articles/{articleId}	1683390087222	1683390087579	OK	 
USER	Create An Article	END	1683390087578
USER	Create An Article	START	1683390087587
USER	Create An Article	START	1683390087678
USER	Create An Article	START	1683390087770
USER	Create An Article	START	1683390087867
REQUEST		Create And Delete Article	1683390082082	1683390082506	OK	 
REQUEST		DELETE api/articles/{articleId}	1683390087513	1683390087896	OK	 
USER	Create An Article	END	1683390087895
USER	Create An Article	START	1683390087952
USER	Create An Article	START	1683390088042
USER	Create An Article	START	1683390088133
REQUEST		Create And Delete Article	1683390082200	1683390082792	OK	 
REQUEST		DELETE api/articles/{articleId}	1683390087802	1683390088181	OK	 
USER	Create An Article	END	1683390088180
REQUEST		Create And Delete Article	1683390082203	1683390082792	OK	 
REQUEST		DELETE api/articles/{articleId}	1683390087802	1683390088193	OK	 
USER	Create An Article	END	1683390088192
REQUEST		Create And Delete Article	1683390082418	1683390082799	OK	 
REQUEST		DELETE api/articles/{articleId}	1683390087805	1683390088194	OK	 
USER	Create An Article	END	1683390088193
REQUEST		Create And Delete Article	1683390082339	1683390082799	OK	 
REQUEST		Create And Delete Article	1683390082544	1683390082897	OK	 
REQUEST		DELETE api/articles/{articleId}	1683390087904	1683390088261	OK	 
REQUEST		DELETE api/articles/{articleId}	1683390087856	1683390088261	OK	 
USER	Create An Article	END	1683390088260
USER	Create An Article	END	1683390088287
USER	Create An Article	START	1683390088287
USER	Create An Article	START	1683390088316
USER	Create An Article	START	1683390088407
REQUEST		Create And Delete Article	1683390082811	1683390083145	OK	 
REQUEST		DELETE api/articles/{articleId}	1683390088157	1683390088495	OK	 
USER	Create An Article	END	1683390088494
USER	Create An Article	START	1683390088496
REQUEST		Create And Delete Article	1683390082808	1683390083147	OK	 
REQUEST		DELETE api/articles/{articleId}	1683390088157	1683390088518	OK	 
USER	Create An Article	END	1683390088518
USER	Create An Article	START	1683390088587
REQUEST		Create And Delete Article	1683390082943	1683390083308	OK	 
REQUEST		DELETE api/articles/{articleId}	1683390088316	1683390088665	OK	 
USER	Create An Article	END	1683390088665
USER	Create An Article	START	1683390088678
USER	Create An Article	START	1683390088769
USER	Create An Article	START	1683390088860
REQUEST		Create And Delete Article	1683390083090	1683390083553	OK	 
REQUEST		DELETE api/articles/{articleId}	1683390088562	1683390088918	OK	 
USER	Create An Article	END	1683390088918
USER	Create An Article	START	1683390088951
REQUEST		Create And Delete Article	1683390083288	1683390083637	OK	 
REQUEST		DELETE api/articles/{articleId}	1683390088657	1683390088987	OK	 
USER	Create An Article	END	1683390088988
USER	Create An Article	START	1683390089043
REQUEST		Create And Delete Article	1683390083317	1683390083690	OK	 
REQUEST		DELETE api/articles/{articleId}	1683390088700	1683390089054	OK	 
USER	Create An Article	END	1683390089054
USER	Create An Article	START	1683390089133
USER	Create An Article	START	1683390089225
REQUEST		Create And Delete Article	1683390083547	1683390083889	OK	 
REQUEST		DELETE api/articles/{articleId}	1683390088906	1683390089235	OK	 
USER	Create An Article	END	1683390089235
USER	Create An Article	START	1683390089316
REQUEST		Create And Delete Article	1683390083646	1683390083989	OK	 
REQUEST		DELETE api/articles/{articleId}	1683390089048	1683390089376	OK	 
USER	Create An Article	END	1683390089376
REQUEST		Create And Delete Article	1683390083428	1683390083969	OK	 
REQUEST		DELETE api/articles/{articleId}	1683390088978	1683390089392	OK	 
USER	Create An Article	END	1683390089391
USER	Create An Article	START	1683390089407
USER	Create An Article	START	1683390089489
REQUEST		Create And Delete Article	1683390083773	1683390084224	OK	 
REQUEST		DELETE api/articles/{articleId}	1683390089231	1683390089557	OK	 
USER	Create An Article	END	1683390089556
USER	Create An Article	START	1683390089572
REQUEST		Create And Delete Article	1683390083914	1683390084233	OK	 
REQUEST		DELETE api/articles/{articleId}	1683390089240	1683390089580	OK	 
USER	Create An Article	END	1683390089579
USER	Create An Article	START	1683390089656
REQUEST		Create And Delete Article	1683390083976	1683390084301	OK	 
REQUEST		DELETE api/articles/{articleId}	1683390089340	1683390089676	OK	 
USER	Create An Article	END	1683390089675
USER	Create An Article	START	1683390089740
REQUEST		Create And Delete Article	1683390084097	1683390084432	OK	 
REQUEST		DELETE api/articles/{articleId}	1683390089444	1683390089814	OK	 
USER	Create An Article	END	1683390089813
USER	Create An Article	START	1683390089822
USER	Create An Article	START	1683390089906
REQUEST		Create And Delete Article	1683390084228	1683390084571	OK	 
REQUEST		DELETE api/articles/{articleId}	1683390089579	1683390089908	OK	 
USER	Create An Article	END	1683390089907
USER	Create An Article	START	1683390089989
USER	Create An Article	START	1683390090072
USER	Create An Article	START	1683390090192
REQUEST		Create And Delete Article	1683390084326	1683390084831	OK	 
REQUEST		DELETE api/articles/{articleId}	1683390089839	1683390090195	OK	 
USER	Create An Article	END	1683390090194
REQUEST		Create And Delete Article	1683390084446	1683390084842	OK	 
USER	Create An Article	START	1683390090257
REQUEST		DELETE api/articles/{articleId}	1683390089854	1683390090196	OK	 
USER	Create An Article	END	1683390090267
REQUEST		Create And Delete Article	1683390084556	1683390084902	OK	 
REQUEST		DELETE api/articles/{articleId}	1683390089913	1683390090272	OK	 
USER	Create An Article	END	1683390090271
USER	Create An Article	START	1683390090324
REQUEST		Create And Delete Article	1683390084658	1683390085055	OK	 
REQUEST		DELETE api/articles/{articleId}	1683390090070	1683390090586	OK	 
USER	Create An Article	END	1683390090590
REQUEST		Create And Delete Article	1683390084765	1683390085119	OK	 
REQUEST		Create And Delete Article	1683390084867	1683390085196	OK	 
REQUEST		DELETE api/articles/{articleId}	1683390090197	1683390090620	OK	 
REQUEST		DELETE api/articles/{articleId}	1683390090272	1683390090620	OK	 
USER	Create An Article	END	1683390090621
USER	Create An Article	END	1683390090621
REQUEST		Create And Delete Article	1683390085002	1683390085331	OK	 
REQUEST		DELETE api/articles/{articleId}	1683390090343	1683390090692	OK	 
USER	Create An Article	END	1683390090696
REQUEST		Create And Delete Article	1683390085102	1683390085467	OK	 
REQUEST		DELETE api/articles/{articleId}	1683390090479	1683390090813	OK	 
USER	Create An Article	END	1683390090812
REQUEST		Create And Delete Article	1683390085212	1683390085573	OK	 
REQUEST		DELETE api/articles/{articleId}	1683390090592	1683390091090	OK	 
USER	Create An Article	END	1683390091106
REQUEST		Create And Delete Article	1683390085330	1683390085688	OK	 
REQUEST		DELETE api/articles/{articleId}	1683390090702	1683390091090	OK	 
USER	Create An Article	END	1683390091109
REQUEST		Create And Delete Article	1683390085425	1683390085774	OK	 
REQUEST		DELETE api/articles/{articleId}	1683390090785	1683390091142	OK	 
USER	Create An Article	END	1683390091143
REQUEST		Create And Delete Article	1683390085524	1683390085875	OK	 
REQUEST		DELETE api/articles/{articleId}	1683390090888	1683390091263	OK	 
USER	Create An Article	END	1683390091262
REQUEST		Create And Delete Article	1683390085633	1683390085987	OK	 
REQUEST		DELETE api/articles/{articleId}	1683390090995	1683390091346	OK	 
USER	Create An Article	END	1683390091345
REQUEST		Create And Delete Article	1683390085741	1683390086104	OK	 
REQUEST		DELETE api/articles/{articleId}	1683390091132	1683390091508	OK	 
USER	Create An Article	END	1683390091507
REQUEST		Create And Delete Article	1683390085822	1683390086165	OK	 
REQUEST		DELETE api/articles/{articleId}	1683390091182	1683390091546	OK	 
USER	Create An Article	END	1683390091546
REQUEST		Create And Delete Article	1683390085939	1683390086280	OK	 
REQUEST		DELETE api/articles/{articleId}	1683390091295	1683390091636	OK	 
USER	Create An Article	END	1683390091637
REQUEST		Create And Delete Article	1683390086026	1683390086359	OK	 
REQUEST		DELETE api/articles/{articleId}	1683390091370	1683390091704	OK	 
USER	Create An Article	END	1683390091703
REQUEST		Create And Delete Article	1683390086132	1683390086505	OK	 
REQUEST		DELETE api/articles/{articleId}	1683390091533	1683390091877	OK	 
USER	Create An Article	END	1683390091876
REQUEST		Create And Delete Article	1683390086224	1683390086569	OK	 
REQUEST		DELETE api/articles/{articleId}	1683390091578	1683390091950	OK	 
USER	Create An Article	END	1683390091951
REQUEST		Create And Delete Article	1683390086347	1683390086702	OK	 
REQUEST		DELETE api/articles/{articleId}	1683390091714	1683390092042	OK	 
USER	Create An Article	END	1683390092042
REQUEST		Create And Delete Article	1683390086522	1683390086876	OK	 
REQUEST		DELETE api/articles/{articleId}	1683390091886	1683390092228	OK	 
USER	Create An Article	END	1683390092227
REQUEST		Create And Delete Article	1683390086622	1683390086971	OK	 
REQUEST		DELETE api/articles/{articleId}	1683390091982	1683390092312	OK	 
USER	Create An Article	END	1683390092311
REQUEST		Create And Delete Article	1683390086722	1683390087061	OK	 
REQUEST		DELETE api/articles/{articleId}	1683390092073	1683390092402	OK	 
USER	Create An Article	END	1683390092401
REQUEST		Create And Delete Article	1683390086819	1683390087209	OK	 
REQUEST		DELETE api/articles/{articleId}	1683390092217	1683390092548	OK	 
USER	Create An Article	END	1683390092546
REQUEST		Create And Delete Article	1683390086931	1683390087306	OK	 
REQUEST		DELETE api/articles/{articleId}	1683390092403	1683390092730	OK	 
USER	Create An Article	END	1683390092729
REQUEST		Create And Delete Article	1683390087026	1683390087381	OK	 
REQUEST		DELETE api/articles/{articleId}	1683390092416	1683390092747	OK	 
USER	Create An Article	END	1683390092746
REQUEST		Create And Delete Article	1683390087127	1683390087468	OK	 
REQUEST		DELETE api/articles/{articleId}	1683390092479	1683390092817	OK	 
USER	Create An Article	END	1683390092815
REQUEST		Create And Delete Article	1683390087224	1683390087568	OK	 
REQUEST		DELETE api/articles/{articleId}	1683390092577	1683390092906	OK	 
USER	Create An Article	END	1683390092905
REQUEST		Create And Delete Article	1683390087432	1683390087771	OK	 
REQUEST		DELETE api/articles/{articleId}	1683390092779	1683390093134	OK	 
USER	Create An Article	END	1683390093136
REQUEST		Create And Delete Article	1683390086511	1683390086868	OK	 
REQUEST		DELETE api/articles/{articleId}	1683390091879	1683390093212	OK	 
USER	Create An Article	END	1683390093213
REQUEST		Create And Delete Article	1683390087438	1683390087811	OK	 
REQUEST		DELETE api/articles/{articleId}	1683390092882	1683390093224	OK	 
USER	Create An Article	END	1683390093226
REQUEST		Create And Delete Article	1683390087622	1683390087971	OK	 
REQUEST		DELETE api/articles/{articleId}	1683390092981	1683390093322	OK	 
USER	Create An Article	END	1683390093324
REQUEST		Create And Delete Article	1683390087519	1683390087908	OK	 
REQUEST		DELETE api/articles/{articleId}	1683390092916	1683390093365	OK	 
USER	Create An Article	END	1683390093365
REQUEST		Create And Delete Article	1683390087696	1683390088047	OK	 
REQUEST		DELETE api/articles/{articleId}	1683390093057	1683390093412	OK	 
USER	Create An Article	END	1683390093411
REQUEST		Create And Delete Article	1683390087788	1683390088168	OK	 
REQUEST		DELETE api/articles/{articleId}	1683390093180	1683390093527	OK	 
USER	Create An Article	END	1683390093526
REQUEST		Create And Delete Article	1683390087897	1683390088270	OK	 
REQUEST		DELETE api/articles/{articleId}	1683390093285	1683390093648	OK	 
USER	Create An Article	END	1683390093647
REQUEST		Create And Delete Article	1683390087969	1683390088336	OK	 
REQUEST		DELETE api/articles/{articleId}	1683390093346	1683390093720	OK	 
USER	Create An Article	END	1683390093719
REQUEST		Create And Delete Article	1683390088058	1683390088388	OK	 
REQUEST		DELETE api/articles/{articleId}	1683390093397	1683390093752	OK	 
USER	Create An Article	END	1683390093751
REQUEST		Create And Delete Article	1683390088152	1683390088493	OK	 
REQUEST		DELETE api/articles/{articleId}	1683390093501	1683390093832	OK	 
USER	Create An Article	END	1683390093831
REQUEST		Create And Delete Article	1683390088306	1683390088662	OK	 
REQUEST		DELETE api/articles/{articleId}	1683390093673	1683390094008	OK	 
USER	Create An Article	END	1683390094007
REQUEST		Create And Delete Article	1683390088334	1683390088689	OK	 
REQUEST		DELETE api/articles/{articleId}	1683390093695	1683390094024	OK	 
USER	Create An Article	END	1683390094023
REQUEST		Create And Delete Article	1683390088425	1683390088762	OK	 
REQUEST		DELETE api/articles/{articleId}	1683390093768	1683390094103	OK	 
USER	Create An Article	END	1683390094102
REQUEST		Create And Delete Article	1683390088524	1683390088857	OK	 
REQUEST		DELETE api/articles/{articleId}	1683390093867	1683390094218	OK	 
USER	Create An Article	END	1683390094217
REQUEST		Create And Delete Article	1683390088608	1683390088951	OK	 
REQUEST		Create And Delete Article	1683390088697	1683390089056	OK	 
REQUEST		DELETE api/articles/{articleId}	1683390093959	1683390094512	OK	 
REQUEST		DELETE api/articles/{articleId}	1683390094068	1683390094512	OK	 
REQUEST		Create And Delete Article	1683390088788	1683390089130	OK	 
REQUEST		DELETE api/articles/{articleId}	1683390094140	1683390094512	OK	 
USER	Create An Article	END	1683390094511
USER	Create An Article	END	1683390094511
USER	Create An Article	END	1683390094512
USER	Create An Article	START	1683390095414
USER	Create An Article	START	1683390096407
USER	Create An Article	START	1683390097406
USER	Create An Article	START	1683390098406
REQUEST		Create And Delete Article	1683390088877	1683390089201	OK	 
REQUEST		DELETE api/articles/{articleId}	1683390094209	1683390098864	OK	 
USER	Create An Article	END	1683390098863
USER	Create An Article	START	1683390099407
REQUEST		Create And Delete Article	1683390089077	1683390089420	OK	 
REQUEST		DELETE api/articles/{articleId}	1683390094437	1683390099435	OK	 
USER	Create An Article	END	1683390099435
REQUEST		Create And Delete Article	1683390089756	1683390090198	OK	 
REQUEST		DELETE api/articles/{articleId}	1683390095216	1683390099473	OK	 
USER	Create An Article	END	1683390099472
REQUEST		Create And Delete Article	1683390089255	1683390089592	OK	 
REQUEST		Create And Delete Article	1683390090288	1683390090649	OK	 
REQUEST		DELETE api/articles/{articleId}	1683390095661	1683390099485	OK	 
REQUEST		DELETE api/articles/{articleId}	1683390094834	1683390099485	OK	 
REQUEST		Create And Delete Article	1683390089839	1683390090275	OK	 
REQUEST		DELETE api/articles/{articleId}	1683390095288	1683390099490	OK	 
USER	Create An Article	END	1683390099486
USER	Create An Article	END	1683390099486
USER	Create An Article	END	1683390099489
REQUEST		Create And Delete Article	1683390090270	1683390090635	OK	 
REQUEST		DELETE api/articles/{articleId}	1683390095667	1683390099494	OK	 
USER	Create An Article	END	1683390099493
REQUEST		Create And Delete Article	1683390089593	1683390089926	OK	 
REQUEST		DELETE api/articles/{articleId}	1683390094934	1683390099611	OK	 
USER	Create An Article	END	1683390099611
REQUEST		Create And Delete Article	1683390089587	1683390089920	OK	 
REQUEST		DELETE api/articles/{articleId}	1683390094924	1683390099638	OK	 
REQUEST		Create And Delete Article	1683390090022	1683390090371	OK	 
REQUEST		DELETE api/articles/{articleId}	1683390095381	1683390099640	OK	 
USER	Create An Article	END	1683390099638
USER	Create An Article	END	1683390099640
REQUEST		Create And Delete Article	1683390089675	1683390090014	OK	 
REQUEST		DELETE api/articles/{articleId}	1683390095025	1683390099650	OK	 
REQUEST		Create And Delete Article	1683390089425	1683390089758	OK	 
REQUEST		DELETE api/articles/{articleId}	1683390094836	1683390099653	OK	 
REQUEST		Create And Delete Article	1683390089161	1683390089500	OK	 
REQUEST		DELETE api/articles/{articleId}	1683390094840	1683390099651	OK	 
USER	Create An Article	END	1683390099651
USER	Create An Article	END	1683390099654
USER	Create An Article	END	1683390099656
REQUEST		Create And Delete Article	1683390090340	1683390090680	OK	 
REQUEST		Create And Delete Article	1683390089336	1683390089681	OK	 
REQUEST		DELETE api/articles/{articleId}	1683390095713	1683390099663	OK	 
REQUEST		DELETE api/articles/{articleId}	1683390094836	1683390099663	OK	 
REQUEST		Create And Delete Article	1683390090308	1683390090679	OK	 
USER	Create An Article	END	1683390099666
USER	Create An Article	END	1683390099666
REQUEST		DELETE api/articles/{articleId}	1683390095715	1683390099665	OK	 
USER	Create An Article	END	1683390099671
REQUEST		Create And Delete Article	1683390088969	1683390089356	OK	 
REQUEST		DELETE api/articles/{articleId}	1683390094368	1683390100784	OK	 
USER	Create An Article	END	1683390100783
REQUEST		Create And Delete Article	1683390089928	1683390090270	OK	 
REQUEST		DELETE api/articles/{articleId}	1683390095279	1683390103462	OK	 
USER	Create An Article	END	1683390103460
REQUEST		Create And Delete Article	1683390095537	1683390099659	OK	 
REQUEST		DELETE api/articles/{articleId}	1683390104684	1683390105022	OK	 
REQUEST		Create And Delete Article	1683390098436	1683390099659	OK	 
REQUEST		DELETE api/articles/{articleId}	1683390104676	1683390105022	OK	 
USER	Create An Article	END	1683390105021
USER	Create An Article	END	1683390105022
REQUEST		Create And Delete Article	1683390099431	1683390099763	OK	 
REQUEST		DELETE api/articles/{articleId}	1683390104773	1683390105124	OK	 
USER	Create An Article	END	1683390105123
REQUEST		Create And Delete Article	1683390096423	1683390099500	OK	 
REQUEST		DELETE api/articles/{articleId}	1683390104510	1683390105981	OK	 
USER	Create An Article	END	1683390105982
REQUEST		Create And Delete Article	1683390097422	1683390102507	OK	 
REQUEST		DELETE api/articles/{articleId}	1683390107514	1683390107853	OK	 
USER	Create An Article	END	1683390107852
